[20:27:28] [Datafixer Bootstrap/INFO]: 263 Datafixer optimizations took 922 milliseconds
[20:27:32] [Render thread/INFO]: Environment: Environment[sessionHost=https://sessionserver.mojang.com, servicesHost=https://api.minecraftservices.com, name=PROD]
[20:27:32] [Render thread/INFO]: Setting user: Player
[20:27:32] [Render thread/INFO]: Backend library: LWJGL version 3.3.3+5
[20:27:32] [Render thread/INFO]: Using optional rendering extensions: GL_KHR_debug, GL_ARB_vertex_attrib_binding, GL_ARB_direct_state_access
[20:27:32] [Render thread/INFO]: Reloading ResourceManager: vanilla
[20:27:32] [Download-1/INFO]: Could not authorize you against Realms server: java.lang.RuntimeException: Failed to parse into SignedJWT: 0
[20:27:33] [Worker-Main-4/INFO]: Found unifont_jp_patch-16.0.01.hex, loading
[20:27:33] [Worker-Main-1/INFO]: Found unifont_all_no_pua-16.0.01.hex, loading
[20:27:33] [Download-1/ERROR]: Failed to fetch Realms feature flags
fnm: Realms authentication error with message 'java.lang.RuntimeException: Failed to parse into SignedJWT: 0'
	at flq.a(SourceFile:495) ~[1.21.5.jar:?]
	at flq.n(SourceFile:177) ~[1.21.5.jar:?]
	at java.base/java.util.concurrent.CompletableFuture$AsyncSupply.run(CompletableFuture.java:1768) ~[?:?]
	at java.base/java.util.concurrent.ThreadPoolExecutor.runWorker(ThreadPoolExecutor.java:1144) ~[?:?]
	at java.base/java.util.concurrent.ThreadPoolExecutor$Worker.run(ThreadPoolExecutor.java:642) ~[?:?]
	at java.base/java.lang.Thread.run(Thread.java:1583) [?:?]
[20:27:33] [Render thread/WARN]: minecraft:pipeline/entity_translucent_emissive shader program does not use sampler Sampler2 defined in the pipeline. This might be a bug.
[20:27:34] [Render thread/INFO]: OpenAL initialized on device OpenAL Soft on Headphones (3- A50 Game)
[20:27:34] [Render thread/INFO]: Sound engine started
[20:27:34] [Render thread/INFO]: Created: 1024x512x4 minecraft:textures/atlas/blocks.png-atlas
[20:27:34] [Render thread/INFO]: Created: 256x256x4 minecraft:textures/atlas/signs.png-atlas
[20:27:34] [Render thread/INFO]: Created: 512x512x4 minecraft:textures/atlas/shield_patterns.png-atlas
[20:27:34] [Render thread/INFO]: Created: 512x512x4 minecraft:textures/atlas/banner_patterns.png-atlas
[20:27:34] [Render thread/INFO]: Created: 2048x1024x4 minecraft:textures/atlas/armor_trims.png-atlas
[20:27:34] [Render thread/INFO]: Created: 128x64x4 minecraft:textures/atlas/decorated_pot.png-atlas
[20:27:34] [Render thread/INFO]: Created: 256x256x4 minecraft:textures/atlas/chest.png-atlas
[20:27:34] [Render thread/INFO]: Created: 512x256x4 minecraft:textures/atlas/shulker_boxes.png-atlas
[20:27:34] [Render thread/INFO]: Created: 512x256x4 minecraft:textures/atlas/beds.png-atlas
[20:27:34] [Render thread/INFO]: Created: 64x64x0 minecraft:textures/atlas/map_decorations.png-atlas
[20:27:34] [Render thread/INFO]: Created: 512x256x0 minecraft:textures/atlas/particles.png-atlas
[20:27:34] [Render thread/INFO]: Created: 512x256x0 minecraft:textures/atlas/paintings.png-atlas
[20:27:34] [Render thread/INFO]: Created: 256x128x0 minecraft:textures/atlas/mob_effects.png-atlas
[20:27:34] [Render thread/INFO]: Created: 1024x512x0 minecraft:textures/atlas/gui.png-atlas
[20:27:46] [Render thread/INFO]: Loaded 1373 recipes
[20:27:46] [Render thread/INFO]: Loaded 1484 advancements
[20:27:46] [Server thread/INFO]: Starting integrated minecraft server version 1.21.5
[20:27:46] [Server thread/INFO]: Generating keypair
[20:27:46] [Server thread/INFO]: Preparing start region for dimension minecraft:overworld
[20:27:47] [Render thread/INFO]: Preparing spawn area: 0%
[20:27:47] [Render thread/INFO]: Preparing spawn area: 0%
[20:27:47] [Render thread/INFO]: Time elapsed: 695 ms
[20:27:47] [Server thread/INFO]: Changing view distance to 12, from 10
[20:27:47] [Server thread/INFO]: Changing simulation distance to 12, from 0
[20:27:48] [Server thread/INFO]: Player[local:E:a3e20f78] logged in with entity id 116 at (7.4065091216017915, 78.0, -13.158153305585166)
[20:27:48] [Server thread/INFO]: Player joined the game
[20:27:48] [Render thread/INFO]: Loaded 39 advancements
[20:27:52] [Server thread/INFO]: Saving and pausing game...
[20:27:52] [Server thread/INFO]: Saving chunks for level 'ServerLevel[New World]'/minecraft:overworld
[20:27:52] [Server thread/INFO]: Saving chunks for level 'ServerLevel[New World]'/minecraft:the_nether
[20:27:52] [Server thread/INFO]: Saving chunks for level 'ServerLevel[New World]'/minecraft:the_end
[20:28:09] [Server thread/INFO]: Saving and pausing game...
[20:28:09] [Server thread/INFO]: Saving chunks for level 'ServerLevel[New World]'/minecraft:overworld
[20:28:09] [Server thread/INFO]: Saving chunks for level 'ServerLevel[New World]'/minecraft:the_nether
[20:28:09] [Server thread/INFO]: Saving chunks for level 'ServerLevel[New World]'/minecraft:the_end
[20:28:41] [Server thread/INFO]: Changing view distance to 10, from 12
[20:28:41] [Server thread/INFO]: Changing simulation distance to 8, from 12
[20:29:04] [Server thread/INFO]: [Not Secure] <Player> test
[20:29:04] [Render thread/INFO]: [CHAT] <Player> test
[20:29:07] [Server thread/INFO]: Saving and pausing game...
[20:29:07] [Server thread/INFO]: Saving chunks for level 'ServerLevel[New World]'/minecraft:overworld
[20:29:07] [Server thread/INFO]: Saving chunks for level 'ServerLevel[New World]'/minecraft:the_nether
[20:29:07] [Server thread/INFO]: Saving chunks for level 'ServerLevel[New World]'/minecraft:the_end
[20:29:07] [Server thread/INFO]: Player lost connection: Disconnected
[20:29:07] [Server thread/INFO]: Player left the game
[20:29:07] [Server thread/INFO]: Stopping singleplayer server as player logged out
[20:29:07] [Server thread/INFO]: Stopping server
[20:29:07] [Server thread/INFO]: Saving players
[20:29:07] [Server thread/INFO]: Saving worlds
[20:29:08] [Server thread/INFO]: Saving chunks for level 'ServerLevel[New World]'/minecraft:overworld
[20:29:08] [Server thread/INFO]: Saving chunks for level 'ServerLevel[New World]'/minecraft:the_nether
[20:29:08] [Server thread/INFO]: Saving chunks for level 'ServerLevel[New World]'/minecraft:the_end
[20:29:08] [Server thread/INFO]: ThreadedAnvilChunkStorage (New World): All chunks are saved
[20:29:08] [Server thread/INFO]: ThreadedAnvilChunkStorage (DIM-1): All chunks are saved
[20:29:08] [Server thread/INFO]: ThreadedAnvilChunkStorage (DIM1): All chunks are saved
[20:29:08] [Server thread/INFO]: ThreadedAnvilChunkStorage: All dimensions are saved
[20:29:09] [Render thread/INFO]: Stopping!
